<?xml version="1.0" encoding="UTF-8"?>
<testng-results ignored="0" total="3" passed="3" failed="0" skipped="0">
  <reporter-output>
  </reporter-output>
  <suite started-at="2020-11-10T19:59:22 IST" name="Suite" finished-at="2020-11-10T19:59:22 IST" duration-ms="103">
    <groups>
    </groups>
    <test started-at="2020-11-10T19:59:22 IST" name="Test" finished-at="2020-11-10T19:59:22 IST" duration-ms="103">
      <class name="org.sel.first.Firstone">
        <test-method is-config="true" signature="beforetest()[pri:0, instance:org.sel.first.Firstone@7690781]" started-at="2020-11-10T19:59:22 IST" name="beforetest" finished-at="2020-11-10T19:59:22 IST" duration-ms="1" status="PASS">
          <reporter-output>
          </reporter-output>
        </test-method> <!-- beforetest -->
        <test-method is-config="true" signature="beforemethod()[pri:0, instance:org.sel.first.Firstone@7690781]" started-at="2020-11-10T19:59:22 IST" name="beforemethod" finished-at="2020-11-10T19:59:22 IST" duration-ms="1" status="PASS">
          <reporter-output>
          </reporter-output>
        </test-method> <!-- beforemethod -->
        <test-method signature="firstone()[pri:0, instance:org.sel.first.Firstone@7690781]" started-at="2020-11-10T19:59:22 IST" name="firstone" finished-at="2020-11-10T19:59:22 IST" duration-ms="2" status="PASS">
          <reporter-output>
          </reporter-output>
        </test-method> <!-- firstone -->
        <test-method is-config="true" signature="aftermethod()[pri:0, instance:org.sel.first.Firstone@7690781]" started-at="2020-11-10T19:59:22 IST" name="aftermethod" finished-at="2020-11-10T19:59:22 IST" duration-ms="1" status="PASS">
          <reporter-output>
          </reporter-output>
        </test-method> <!-- aftermethod -->
        <test-method is-config="true" signature="aftersuite()[pri:0, instance:org.sel.first.Firstone@7690781]" started-at="2020-11-10T19:59:23 IST" name="aftersuite" finished-at="2020-11-10T19:59:23 IST" duration-ms="1" status="PASS">
          <reporter-output>
          </reporter-output>
        </test-method> <!-- aftersuite -->
      </class> <!-- org.sel.first.Firstone -->
      <class name="org.sel.first.First">
        <test-method is-config="true" signature="beforesuite()[pri:0, instance:org.sel.first.First@26275bef]" started-at="2020-11-10T19:59:22 IST" name="beforesuite" finished-at="2020-11-10T19:59:22 IST" duration-ms="12" status="PASS">
          <reporter-output>
          </reporter-output>
        </test-method> <!-- beforesuite -->
        <test-method is-config="true" signature="beforeclass()[pri:0, instance:org.sel.first.First@26275bef]" started-at="2020-11-10T19:59:22 IST" name="beforeclass" finished-at="2020-11-10T19:59:22 IST" duration-ms="0" status="PASS">
          <reporter-output>
          </reporter-output>
        </test-method> <!-- beforeclass -->
        <test-method is-config="true" signature="beforemethod()[pri:0, instance:org.sel.first.First@26275bef]" started-at="2020-11-10T19:59:22 IST" name="beforemethod" finished-at="2020-11-10T19:59:22 IST" duration-ms="1" status="PASS">
          <reporter-output>
          </reporter-output>
        </test-method> <!-- beforemethod -->
        <test-method signature="getm()[pri:0, instance:org.sel.first.First@26275bef]" started-at="2020-11-10T19:59:22 IST" name="getm" finished-at="2020-11-10T19:59:22 IST" duration-ms="8" status="PASS">
          <reporter-output>
          </reporter-output>
        </test-method> <!-- getm -->
        <test-method is-config="true" signature="aftermethod()[pri:0, instance:org.sel.first.First@26275bef]" started-at="2020-11-10T19:59:22 IST" name="aftermethod" finished-at="2020-11-10T19:59:22 IST" duration-ms="1" status="PASS">
          <reporter-output>
          </reporter-output>
        </test-method> <!-- aftermethod -->
        <test-method signature="first()[pri:1, instance:org.sel.first.First@26275bef]" started-at="2020-11-10T19:59:22 IST" name="first" finished-at="2020-11-10T19:59:22 IST" duration-ms="3" status="PASS">
          <reporter-output>
          </reporter-output>
        </test-method> <!-- first -->
        <test-method is-config="true" signature="beforemethod()[pri:0, instance:org.sel.first.First@26275bef]" started-at="2020-11-10T19:59:22 IST" name="beforemethod" finished-at="2020-11-10T19:59:22 IST" duration-ms="0" status="PASS">
          <reporter-output>
          </reporter-output>
        </test-method> <!-- beforemethod -->
        <test-method is-config="true" signature="aftermethod()[pri:0, instance:org.sel.first.First@26275bef]" started-at="2020-11-10T19:59:22 IST" name="aftermethod" finished-at="2020-11-10T19:59:22 IST" duration-ms="1" status="PASS">
          <reporter-output>
          </reporter-output>
        </test-method> <!-- aftermethod -->
        <test-method is-config="true" signature="afterclass()[pri:0, instance:org.sel.first.First@26275bef]" started-at="2020-11-10T19:59:22 IST" name="afterclass" finished-at="2020-11-10T19:59:22 IST" duration-ms="2" status="PASS">
          <reporter-output>
          </reporter-output>
        </test-method> <!-- afterclass -->
        <test-method is-config="true" signature="aftertest()[pri:0, instance:org.sel.first.First@26275bef]" started-at="2020-11-10T19:59:22 IST" name="aftertest" finished-at="2020-11-10T19:59:22 IST" duration-ms="2" status="PASS">
          <reporter-output>
          </reporter-output>
        </test-method> <!-- aftertest -->
      </class> <!-- org.sel.first.First -->
    </test> <!-- Test -->
  </suite> <!-- Suite -->
</testng-results>
