<?xml version="1.0" encoding="UTF-8"?>
<testng-results ignored="0" total="1" passed="1" failed="0" skipped="0">
  <reporter-output>
  </reporter-output>
  <suite started-at="2020-11-13T17:13:18 IST" name="Default suite" finished-at="2020-11-13T17:14:09 IST" duration-ms="51493">
    <groups>
    </groups>
    <test started-at="2020-11-13T17:13:18 IST" name="Default test" finished-at="2020-11-13T17:14:09 IST" duration-ms="51493">
      <class name="org.test.testpages.Contacttest">
        <test-method is-config="true" signature="setup()[pri:0, instance:org.test.testpages.Contacttest@51f116b8]" started-at="2020-11-13T17:13:18 IST" name="setup" finished-at="2020-11-13T17:13:48 IST" duration-ms="30199" status="PASS">
          <reporter-output>
          </reporter-output>
        </test-method> <!-- setup -->
        <test-method signature="checknames()[pri:0, instance:org.test.testpages.Contacttest@51f116b8]" started-at="2020-11-13T17:13:48 IST" name="checknames" finished-at="2020-11-13T17:13:49 IST" duration-ms="504" status="PASS">
          <reporter-output>
          </reporter-output>
        </test-method> <!-- checknames -->
        <test-method is-config="true" signature="teardown()[pri:0, instance:org.test.testpages.Contacttest@51f116b8]" started-at="2020-11-13T17:13:49 IST" name="teardown" finished-at="2020-11-13T17:14:09 IST" duration-ms="20743" status="PASS">
          <reporter-output>
          </reporter-output>
        </test-method> <!-- teardown -->
      </class> <!-- org.test.testpages.Contacttest -->
    </test> <!-- Default test -->
  </suite> <!-- Default suite -->
</testng-results>
