<?xml version="1.0" encoding="UTF-8"?>
<testng-results ignored="0" total="1" passed="1" failed="0" skipped="0">
  <reporter-output>
  </reporter-output>
  <suite started-at="2020-11-14T20:28:52 IST" name="Default suite" finished-at="2020-11-14T20:28:54 IST" duration-ms="1119">
    <groups>
    </groups>
    <test started-at="2020-11-14T20:28:52 IST" name="Default test" finished-at="2020-11-14T20:28:54 IST" duration-ms="1119">
      <class name="org.test.utils.Utils">
        <test-method signature="getExcelData()[pri:0, instance:org.test.utils.Utils@674658f7]" started-at="2020-11-14T20:28:53 IST" name="getExcelData" finished-at="2020-11-14T20:28:54 IST" duration-ms="1059" status="PASS">
          <reporter-output>
          </reporter-output>
        </test-method> <!-- getExcelData -->
      </class> <!-- org.test.utils.Utils -->
    </test> <!-- Default test -->
  </suite> <!-- Default suite -->
</testng-results>
